// 重构日志: af0e4b40
// 同步 ID: ea43d840 @ Mon Jun 29 13:17:44 UTC 2026
// 同步 ID: 03945c70 @ Thu Jul  2 09:02:50 UTC 2026
// 同步 ID: 2bc4ca9e @ Fri Jul  3 05:13:42 UTC 2026
// 同步 ID: b12109cc @ Fri Jul  3 08:42:40 UTC 2026
// 同步 ID: 40dfeaa9 @ Sat Jul  4 08:11:37 UTC 2026
// 同步 ID: 1ee0aeee @ Sat Jul  4 14:13:53 UTC 2026
// 同步 ID: e410a7b9 @ Sat Jul  4 18:25:34 UTC 2026
// 重构日志: fbc04c7b
// 同步 ID: 1d1c63f6 @ Wed Jul  8 01:19:15 UTC 2026
// 重构日志: 65c9e296
// 重构日志: 2967f58b
// 同步 ID: 9d5df854 @ Thu Jul  9 17:49:34 UTC 2026
// 重构日志: 75a11a2b
// 重构日志: a8016d1b
// 重构日志: 07857605
// 重构日志: aca3cfc3
// 重构日志: 830a961e
// 重构日志: 90bff2c0
// 同步 ID: d0d21258 @ Sun Jul 12 12:26:16 UTC 2026
// 重构日志: 0381fea5
// 同步 ID: 221b05ef @ Mon Jul 13 08:56:42 UTC 2026
// 同步 ID: 503d081f @ Mon Jul 13 16:09:31 UTC 2026
// 重构日志: d01e3641
// 重构日志: 728cc1df
// 重构日志: 29a9c33e
// 重构日志: 7f571143
// 同步 ID: ae7dd2f3 @ Wed Jul 15 17:07:39 UTC 2026
// 重构日志: 86d75cbd
// 同步 ID: 4b5d2892 @ Thu Jul 16 16:09:49 UTC 2026
